{
  "0 debug pnpm:scope": {
    "selected": 1
  },
  "1 error pnpm": {
    "shortMessage": "Command failed with exit code 1: /private/var/folders/c5/bz9t6k493fx5714wcs6m3rz40000gn/T/dlx-7889/bin/create-svelte svelte",
    "command": "/private/var/folders/c5/bz9t6k493fx5714wcs6m3rz40000gn/T/dlx-7889/bin/create-svelte svelte",
    "escapedCommand": "\"/private/var/folders/c5/bz9t6k493fx5714wcs6m3rz40000gn/T/dlx-7889/bin/create-svelte\" svelte",
    "exitCode": 1,
    "failed": true,
    "timedOut": false,
    "isCanceled": false,
    "killed": false,
    "err": {
      "name": "pnpm",
      "message": "Command failed with exit code 1: /private/var/folders/c5/bz9t6k493fx5714wcs6m3rz40000gn/T/dlx-7889/bin/create-svelte svelte",
      "stack": "pnpm: Command failed with exit code 1: /private/var/folders/c5/bz9t6k493fx5714wcs6m3rz40000gn/T/dlx-7889/bin/create-svelte svelte\n    at makeError (/opt/homebrew/Cellar/pnpm/6.26.1/libexec/lib/node_modules/pnpm/dist/pnpm.cjs:42408:17)\n    at handlePromise (/opt/homebrew/Cellar/pnpm/6.26.1/libexec/lib/node_modules/pnpm/dist/pnpm.cjs:42979:33)\n    at processTicksAndRejections (node:internal/process/task_queues:96:5)\n    at async Object.handler (/opt/homebrew/Cellar/pnpm/6.26.1/libexec/lib/node_modules/pnpm/dist/pnpm.cjs:175550:7)\n    at async /opt/homebrew/Cellar/pnpm/6.26.1/libexec/lib/node_modules/pnpm/dist/pnpm.cjs:180175:21\n    at async run (/opt/homebrew/Cellar/pnpm/6.26.1/libexec/lib/node_modules/pnpm/dist/pnpm.cjs:180149:34)\n    at async runPnpm (/opt/homebrew/Cellar/pnpm/6.26.1/libexec/lib/node_modules/pnpm/dist/pnpm.cjs:180360:5)\n    at async /opt/homebrew/Cellar/pnpm/6.26.1/libexec/lib/node_modules/pnpm/dist/pnpm.cjs:180352:7"
    }
  }
}